<?xml version="1.0" encoding="UTF-8"?>
<testsuite name="com.example.android.project9.ExampleUnitTest" tests="1" skipped="0" failures="0" errors="0" timestamp="2018-05-10T18:58:39" hostname="Gustavos-MacBook-Air.local" time="0.006">
  <properties/>
  <testcase name="addition_isCorrect" classname="com.example.android.project9.ExampleUnitTest" time="0.006"/>
  <system-out><![CDATA[]]></system-out>
  <system-err><![CDATA[]]></system-err>
</testsuite>
